2023-05-23 22:11:58,373 [Worker-1: Loading available Gradle versions] INFO  o.e.b.c.i.u.g.PublishedGradleVersions - Gradle version information cache is up-to-date. Trying to read.
2023-05-23 22:15:12,064 [Worker-0: Import Getting Started Content] INFO  o.e.m.c.i.l.LifecycleMappingFactory - Using org.eclipse.m2e.jdt.JarLifecycleMapping lifecycle mapping for MavenProject: com.adocao.pet:adocaoPet:0.0.1 @ C:\Exercicios\DesenvolvimentoWeb\trabalho\backend\adocaoPet\pom.xml.
2023-05-23 22:15:12,768 [Worker-0: Import Getting Started Content] INFO  o.e.m.j.i.AbstractJavaProjectConfigurator - Adding source folder /adocaoPet/src/main/java
2023-05-23 22:15:12,768 [Worker-0: Import Getting Started Content] INFO  o.e.m.j.i.AbstractJavaProjectConfigurator - Adding resource folder /adocaoPet/src/main/resources
2023-05-23 22:15:12,772 [Worker-0: Import Getting Started Content] INFO  o.e.m.j.i.AbstractJavaProjectConfigurator - Adding resource folder /adocaoPet/src/main/resources
2023-05-23 22:15:12,775 [Worker-0: Import Getting Started Content] INFO  o.e.m.j.i.AbstractJavaProjectConfigurator - Adding source folder /adocaoPet/src/test/java
2023-05-23 22:15:14,163 [Worker-0: Import Getting Started Content] INFO  o.e.m.c.i.p.ProjectConfigurationManager - Imported and configured 1 project(s) in 2 sec
2023-05-23 22:15:14,167 [Worker-0: Import Getting Started Content] INFO  o.e.m.c.i.p.ProjectConfigurationManager - Update started
2023-05-23 22:15:14,333 [Worker-0: Import Getting Started Content] INFO  o.e.m.c.i.l.LifecycleMappingFactory - Using org.eclipse.m2e.jdt.JarLifecycleMapping lifecycle mapping for MavenProject: com.adocao.pet:adocaoPet:0.0.1 @ C:\Exercicios\DesenvolvimentoWeb\trabalho\backend\adocaoPet\pom.xml.
2023-05-23 22:15:14,709 [Worker-0: Import Getting Started Content] INFO  o.e.m.j.i.AbstractJavaProjectConfigurator - Adding source folder /adocaoPet/src/main/java
2023-05-23 22:15:14,709 [Worker-0: Import Getting Started Content] INFO  o.e.m.j.i.AbstractJavaProjectConfigurator - Adding resource folder /adocaoPet/src/main/resources
2023-05-23 22:15:14,709 [Worker-0: Import Getting Started Content] INFO  o.e.m.j.i.AbstractJavaProjectConfigurator - Adding resource folder /adocaoPet/src/main/resources
2023-05-23 22:15:14,711 [Worker-0: Import Getting Started Content] INFO  o.e.m.j.i.AbstractJavaProjectConfigurator - Adding source folder /adocaoPet/src/test/java
2023-05-23 22:15:15,235 [Worker-0: Import Getting Started Content] INFO  o.e.m.c.i.p.ProjectConfigurationManager - Update completed for 1 poms: local refresh takes 0,00 sec, refresh facades takes 0,00 sec, update config takes 0,00 sec 
2023-05-23 22:18:24,023 [Worker-14: Updating Maven Project] INFO  o.e.m.c.i.p.ProjectConfigurationManager - Update started
2023-05-23 22:18:24,190 [Worker-14: Updating Maven Project] INFO  o.e.m.c.i.l.LifecycleMappingFactory - Using org.eclipse.m2e.jdt.JarLifecycleMapping lifecycle mapping for MavenProject: com.adocao.pet:adocaoPet:0.0.1 @ C:\Exercicios\DesenvolvimentoWeb\trabalho\backend\adocaoPet\pom.xml.
2023-05-23 22:18:24,520 [Worker-14: Updating Maven Project] INFO  o.e.m.j.i.AbstractJavaProjectConfigurator - Adding source folder /adocaoPet/src/main/java
2023-05-23 22:18:24,521 [Worker-14: Updating Maven Project] INFO  o.e.m.j.i.AbstractJavaProjectConfigurator - Adding resource folder /adocaoPet/src/main/resources
2023-05-23 22:18:24,521 [Worker-14: Updating Maven Project] INFO  o.e.m.j.i.AbstractJavaProjectConfigurator - Adding resource folder /adocaoPet/src/main/resources
2023-05-23 22:18:24,521 [Worker-14: Updating Maven Project] INFO  o.e.m.j.i.AbstractJavaProjectConfigurator - Adding source folder /adocaoPet/src/test/java
2023-05-23 22:18:24,753 [Worker-14: Updating Maven Project] INFO  o.e.m.c.i.p.ProjectConfigurationManager - Update completed for 1 poms: local refresh takes 0,00 sec, refresh facades takes 0,00 sec, update config takes 0,00 sec 
2023-05-23 22:18:36,437 [Worker-16: Building] INFO  o.e.m.c.i.l.LifecycleMappingFactory - Using org.eclipse.m2e.jdt.JarLifecycleMapping lifecycle mapping for MavenProject: com.adocao.pet:adocaoPet:0.0.1 @ C:\Exercicios\DesenvolvimentoWeb\trabalho\backend\adocaoPet\pom.xml.
2023-05-23 22:18:36,818 [Worker-16: Building] INFO  o.a.m.s.f.DefaultMavenResourcesFiltering - Copying 0 resource from src\main\resources to target\classes
2023-05-23 22:18:36,819 [Worker-16: Building] INFO  o.a.m.s.f.DefaultMavenResourcesFiltering - Copying 0 resource from src\main\resources to target\classes
2023-05-23 22:18:36,822 [Worker-16: Building] INFO  o.a.m.s.f.DefaultMavenResourcesFiltering - skip non existing resourceDirectory C:\Exercicios\DesenvolvimentoWeb\trabalho\backend\adocaoPet\src\test\resources
2023-05-23 22:18:44,096 [Worker-17: Updating Maven Project] INFO  o.e.m.c.i.p.ProjectConfigurationManager - Update started
2023-05-23 22:18:44,228 [Worker-17: Updating Maven Project] INFO  o.e.m.c.i.l.LifecycleMappingFactory - Using org.eclipse.m2e.jdt.JarLifecycleMapping lifecycle mapping for MavenProject: com.adocao.pet:adocaoPet:0.0.1 @ C:\Exercicios\DesenvolvimentoWeb\trabalho\backend\adocaoPet\pom.xml.
2023-05-23 22:18:44,509 [Worker-17: Updating Maven Project] INFO  o.e.m.c.i.p.ProjectConfigurationManager - Update completed for 1 poms: local refresh takes 0,00 sec, refresh facades takes 0,00 sec, update config takes 0,00 sec 
2023-05-23 22:18:44,782 [Worker-14: Building] INFO  o.a.m.s.f.DefaultMavenResourcesFiltering - Copying 1 resource from src\main\resources to target\classes
2023-05-23 22:18:44,795 [Worker-14: Building] INFO  o.a.m.s.f.DefaultMavenResourcesFiltering - Copying 0 resource from src\main\resources to target\classes
2023-05-23 22:18:44,799 [Worker-14: Building] INFO  o.a.m.s.f.DefaultMavenResourcesFiltering - skip non existing resourceDirectory C:\Exercicios\DesenvolvimentoWeb\trabalho\backend\adocaoPet\src\test\resources
2023-05-23 22:19:34,186 [Worker-7: Updating Maven Project] INFO  o.e.m.c.i.p.ProjectConfigurationManager - Update started
2023-05-23 22:19:34,309 [Worker-7: Updating Maven Project] INFO  o.e.m.c.i.l.LifecycleMappingFactory - Using org.eclipse.m2e.jdt.JarLifecycleMapping lifecycle mapping for MavenProject: com.adocao.pet:adocaoPet:0.0.1 @ C:\Exercicios\DesenvolvimentoWeb\trabalho\backend\adocaoPet\pom.xml.
2023-05-23 22:19:34,599 [Worker-7: Updating Maven Project] INFO  o.e.m.j.i.AbstractJavaProjectConfigurator - Adding source folder /adocaoPet/src/main/java
2023-05-23 22:19:34,599 [Worker-7: Updating Maven Project] INFO  o.e.m.j.i.AbstractJavaProjectConfigurator - Adding resource folder /adocaoPet/src/main/resources
2023-05-23 22:19:34,599 [Worker-7: Updating Maven Project] INFO  o.e.m.j.i.AbstractJavaProjectConfigurator - Adding resource folder /adocaoPet/src/main/resources
2023-05-23 22:19:34,600 [Worker-7: Updating Maven Project] INFO  o.e.m.j.i.AbstractJavaProjectConfigurator - Adding source folder /adocaoPet/src/test/java
2023-05-23 22:19:34,952 [Worker-7: Updating Maven Project] INFO  o.e.m.c.i.p.ProjectConfigurationManager - Update completed for 1 poms: local refresh takes 0,00 sec, refresh facades takes 0,00 sec, update config takes 0,00 sec 
